2025-06-25 13:38:14,640 - core.ctp_sim.gateway - ERROR - CTP Gateway未正确加载
2025-06-25 13:48:51,469 - core.ctp_sim.gateway - ERROR - CTP Gateway未正确加载
2025-06-25 14:58:04,183 - core.ctp_sim.direct_gateway - INFO - 正在连接CTP仿真环境...
2025-06-25 14:58:04,183 - core.ctp_sim.direct_gateway - INFO - 模拟连接交易服务器...
2025-06-25 14:58:06,185 - core.ctp_sim.direct_gateway - INFO - CTP仿真交易服务器连接成功
2025-06-25 14:58:06,185 - core.ctp_sim.direct_gateway - INFO - 模拟连接行情服务器...
2025-06-25 14:58:07,186 - core.ctp_sim.direct_gateway - INFO - CTP仿真行情服务器连接成功
2025-06-25 14:58:07,186 - core.ctp_sim.direct_gateway - INFO - 订阅合约 AU2406 成功
2025-06-25 14:58:07,187 - core.ctp_sim.direct_gateway - INFO - 订阅合约 AU2412 成功
2025-06-25 14:58:08,189 - core.ctp_sim.direct_gateway - INFO - CTP仿真环境已断开
2025-06-25 15:02:29,499 - core.ctp_sim.direct_gateway - INFO - 正在连接CTP仿真环境...
2025-06-25 15:02:29,499 - core.ctp_sim.direct_gateway - INFO - 模拟连接交易服务器...
2025-06-25 15:02:31,501 - core.ctp_sim.direct_gateway - INFO - CTP仿真交易服务器连接成功
2025-06-25 15:02:31,501 - core.ctp_sim.direct_gateway - INFO - 模拟连接行情服务器...
2025-06-25 15:02:32,501 - core.ctp_sim.direct_gateway - INFO - CTP仿真行情服务器连接成功
2025-06-25 15:02:32,501 - core.ctp_sim.direct_gateway - INFO - 订阅合约 AU2406 成功
2025-06-25 15:02:32,502 - core.ctp_sim.direct_gateway - INFO - 订阅合约 AU2412 成功
2025-06-25 15:02:37,508 - core.ctp_sim.direct_gateway - INFO - CTP仿真环境已断开
2025-06-25 15:04:17,285 - core.ctp_sim.direct_gateway - INFO - 正在连接CTP仿真环境...
2025-06-25 15:04:17,285 - core.ctp_sim.direct_gateway - INFO - 模拟连接交易服务器...
2025-06-25 15:04:19,287 - core.ctp_sim.direct_gateway - INFO - CTP仿真交易服务器连接成功
2025-06-25 15:04:19,288 - core.ctp_sim.direct_gateway - INFO - 模拟连接行情服务器...
2025-06-25 15:04:20,289 - core.ctp_sim.direct_gateway - INFO - CTP仿真行情服务器连接成功
2025-06-25 15:04:20,289 - core.ctp_sim.direct_gateway - INFO - 订阅合约 AU0 成功
2025-06-25 15:04:21,291 - core.ctp_sim.direct_gateway - INFO - CTP仿真环境已断开
2025-06-25 15:09:32,489 - core.ctp_sim.direct_gateway - INFO - 正在连接CTP仿真环境...
2025-06-25 15:09:32,489 - core.ctp_sim.direct_gateway - INFO - 模拟连接交易服务器...
2025-06-25 15:09:34,491 - core.ctp_sim.direct_gateway - INFO - CTP仿真交易服务器连接成功
2025-06-25 15:09:34,492 - core.ctp_sim.direct_gateway - INFO - 模拟连接行情服务器...
2025-06-25 15:09:35,493 - core.ctp_sim.direct_gateway - INFO - CTP仿真行情服务器连接成功
2025-06-25 15:09:35,493 - core.ctp_sim.direct_gateway - INFO - 订阅合约 AU0 成功
2025-06-25 15:10:39,596 - core.ctp_sim.direct_gateway - INFO - 正在连接CTP仿真环境...
2025-06-25 15:10:39,596 - core.ctp_sim.direct_gateway - INFO - 模拟连接交易服务器...
2025-06-25 15:10:41,598 - core.ctp_sim.direct_gateway - INFO - CTP仿真交易服务器连接成功
2025-06-25 15:10:41,598 - core.ctp_sim.direct_gateway - INFO - 模拟连接行情服务器...
2025-06-25 15:10:42,599 - core.ctp_sim.direct_gateway - INFO - CTP仿真行情服务器连接成功
2025-06-25 15:10:42,600 - core.ctp_sim.direct_gateway - INFO - 订阅合约 AU0 成功
2025-06-25 15:10:47,605 - core.ctp_sim.direct_gateway - INFO - CTP仿真环境已断开
2025-06-25 15:11:34,163 - core.ctp_sim.direct_gateway - INFO - 正在连接CTP仿真环境...
2025-06-25 15:11:34,163 - core.ctp_sim.direct_gateway - INFO - 模拟连接交易服务器...
2025-06-25 15:11:36,164 - core.ctp_sim.direct_gateway - INFO - CTP仿真交易服务器连接成功
2025-06-25 15:11:36,164 - core.ctp_sim.direct_gateway - INFO - 模拟连接行情服务器...
2025-06-25 15:11:37,165 - core.ctp_sim.direct_gateway - INFO - CTP仿真行情服务器连接成功
2025-06-25 15:11:37,165 - core.ctp_sim.direct_gateway - INFO - 订阅合约 AU0 成功
2025-06-25 15:11:38,168 - core.ctp_sim.direct_gateway - INFO - CTP仿真环境已断开
2025-06-25 15:25:10,485 - core.ctp_sim.direct_gateway - INFO - 正在连接CTP仿真环境...
2025-06-25 15:25:10,486 - core.ctp_sim.direct_gateway - INFO - 模拟连接交易服务器...
2025-06-25 15:25:12,488 - core.ctp_sim.direct_gateway - INFO - CTP仿真交易服务器连接成功
2025-06-25 15:25:12,488 - core.ctp_sim.direct_gateway - INFO - 模拟连接行情服务器...
2025-06-25 15:25:13,488 - core.ctp_sim.direct_gateway - INFO - CTP仿真行情服务器连接成功
2025-06-25 15:25:13,488 - core.ctp_sim.direct_gateway - INFO - 订阅合约 AU2508 成功
2025-06-25 15:25:14,490 - core.ctp_sim.direct_gateway - INFO - CTP仿真环境已断开
2025-06-25 15:30:44,086 - core.ctp_sim.direct_gateway - INFO - 正在连接CTP仿真环境...
2025-06-25 15:30:44,086 - core.ctp_sim.direct_gateway - INFO - 模拟连接交易服务器...
2025-06-25 15:30:46,088 - core.ctp_sim.direct_gateway - INFO - CTP仿真交易服务器连接成功
2025-06-25 15:30:46,089 - core.ctp_sim.direct_gateway - INFO - 模拟连接行情服务器...
2025-06-25 15:30:47,090 - core.ctp_sim.direct_gateway - INFO - CTP仿真行情服务器连接成功
2025-06-25 15:30:47,090 - core.ctp_sim.direct_gateway - INFO - 订阅合约 AU2508 成功
2025-06-25 15:30:48,092 - core.ctp_sim.direct_gateway - INFO - CTP仿真环境已断开
2025-06-25 15:32:44,555 - core.ctp_sim.direct_gateway - INFO - 正在连接CTP仿真环境...
2025-06-25 15:32:44,555 - core.ctp_sim.direct_gateway - INFO - 模拟连接交易服务器...
2025-06-25 15:32:46,557 - core.ctp_sim.direct_gateway - INFO - CTP仿真交易服务器连接成功
2025-06-25 15:32:46,557 - core.ctp_sim.direct_gateway - INFO - 模拟连接行情服务器...
2025-06-25 15:32:47,558 - core.ctp_sim.direct_gateway - INFO - CTP仿真行情服务器连接成功
2025-06-25 15:32:47,558 - core.ctp_sim.direct_gateway - INFO - 订阅合约 AU2508 成功
2025-06-25 15:32:48,561 - core.ctp_sim.direct_gateway - INFO - CTP仿真环境已断开
2025-06-25 15:39:45,426 - core.ctp_sim.direct_gateway - INFO - 正在连接CTP仿真环境...
2025-06-25 15:39:45,427 - core.ctp_sim.direct_gateway - INFO - 模拟连接交易服务器...
2025-06-25 15:39:47,429 - core.ctp_sim.direct_gateway - INFO - CTP仿真交易服务器连接成功
2025-06-25 15:39:47,429 - core.ctp_sim.direct_gateway - INFO - 模拟连接行情服务器...
2025-06-25 15:39:48,430 - core.ctp_sim.direct_gateway - INFO - CTP仿真行情服务器连接成功
2025-06-25 15:39:48,430 - core.ctp_sim.direct_gateway - INFO - 订阅合约 AU2509 成功
2025-06-25 15:39:49,432 - core.ctp_sim.direct_gateway - INFO - CTP仿真环境已断开
2025-06-25 15:42:28,638 - core.ctp_sim.direct_gateway - INFO - 正在连接CTP仿真环境...
2025-06-25 15:42:28,639 - core.ctp_sim.direct_gateway - INFO - 模拟连接交易服务器...
2025-06-25 15:42:30,641 - core.ctp_sim.direct_gateway - INFO - CTP仿真交易服务器连接成功
2025-06-25 15:42:30,641 - core.ctp_sim.direct_gateway - INFO - 模拟连接行情服务器...
2025-06-25 15:42:31,642 - core.ctp_sim.direct_gateway - INFO - CTP仿真行情服务器连接成功
2025-06-25 15:42:31,642 - core.ctp_sim.direct_gateway - INFO - 订阅合约 AU2509 成功
2025-06-25 15:42:32,645 - core.ctp_sim.direct_gateway - INFO - CTP仿真环境已断开
2025-06-25 15:48:08,363 - core.ctp_sim.gateway - ERROR - CTP Gateway未正确加载
